<?xml version="1.0" encoding="UTF-8"?>
<!-- Generated by org.testng.reporters.JUnitXMLReporter -->
<testsuite ignored="0" hostname="ANUP" failures="0" tests="4" name="Testonchrome" time="10.555" errors="0" timestamp="2025-09-04T12:12:26 IST">
  <testcase classname="TestNG_Practice.TestNG1st" name="openbrowser" time="0.053"/>
  <testcase classname="TestNG_Practice.TestNG1st" name="hiturl" time="4.312"/>
  <testcase classname="TestNG_Practice.TestNG1st" name="login" time="3.436"/>
  <testcase classname="TestNG_Practice.TestNG1st" name="homepage" time="2.709"/>
</testsuite> <!-- Testonchrome -->
